<?xml version="1.0" encoding="UTF-8"?>
<testsuite name="BasicsTest" tests="5" skipped="0" failures="0" errors="0" timestamp="2023-05-15T15:31:00" hostname="LAPTOP-G76MR0JR" time="0.013">
  <properties/>
  <testcase name="testTask1" classname="BasicsTest" time="0.01"/>
  <testcase name="testTask2" classname="BasicsTest" time="0.001"/>
  <testcase name="testTask3" classname="BasicsTest" time="0.001"/>
  <testcase name="testTask4" classname="BasicsTest" time="0.001"/>
  <testcase name="testTask5" classname="BasicsTest" time="0.0"/>
  <system-out><![CDATA[]]></system-out>
  <system-err><![CDATA[]]></system-err>
</testsuite>
